<?xml version='1.0' encoding='UTF-8' ?>
<testsuite name="com.example.lunchtray.MenuContentTests" tests="22" failures="0" errors="0" skipped="0" time="64.517" timestamp="2022-06-23T12:31:11" hostname="localhost">
  <properties>
    <property name="device" value="Pixel_3_XL_API_29(AVD) - 10" />
    <property name="flavor" value="" />
    <property name="project" value=":app" />
  </properties>
  <testcase name="side_menu_item_content" classname="com.example.lunchtray.MenuContentTests" time="0.03" />
  <testcase name="entree_menu_item_content" classname="com.example.lunchtray.MenuContentTests" time="0.772" />
  <testcase name="accompaniment_menu_item_content" classname="com.example.lunchtray.MenuContentTests" time="0.597" />
  <testcase name="navigate_to_start_order_from_checkout" classname="com.example.lunchtray.NavigationTests" time="1.227" />
  <testcase name="navigate_to_start_order_from_entree_menu" classname="com.example.lunchtray.NavigationTests" time="0.952" />
  <testcase name="navigate_to_checkout_from_accompaniment_menu" classname="com.example.lunchtray.NavigationTests" time="0.944" />
  <testcase name="navigate_to_entree_menu_from_start_order" classname="com.example.lunchtray.NavigationTests" time="1.222" />
  <testcase name="navigate_to_start_order_from_checkout_via_submit" classname="com.example.lunchtray.NavigationTests" time="1.448" />
  <testcase name="navigate_to_start_order_from_accompaniment_menu" classname="com.example.lunchtray.NavigationTests" time="1.313" />
  <testcase name="navigate_to_accompaniment_menu_from_side_menu" classname="com.example.lunchtray.NavigationTests" time="1.619" />
  <testcase name="navigate_to_start_order_from_side_menu" classname="com.example.lunchtray.NavigationTests" time="0.918" />
  <testcase name="navigate_to_side_menu_from_entree_menu" classname="com.example.lunchtray.NavigationTests" time="0.882" />
  <testcase name="radio_buttons_update_side_menu_subtotal" classname="com.example.lunchtray.OrderFunctionalityTests" time="3.06" />
  <testcase name="order_reset_after_cancel_from_accompaniment_menu" classname="com.example.lunchtray.OrderFunctionalityTests" time="4.004" />
  <testcase name="subtotal_updates_in_full_order_flow" classname="com.example.lunchtray.OrderFunctionalityTests" time="3.293" />
  <testcase name="order_snackbar" classname="com.example.lunchtray.OrderFunctionalityTests" time="3.416" />
  <testcase name="order_reset_after_cancel_from_entree_menu" classname="com.example.lunchtray.OrderFunctionalityTests" time="1.904" />
  <testcase name="subtotal_tax_total_in_checkout" classname="com.example.lunchtray.OrderFunctionalityTests" time="3.102" />
  <testcase name="radio_buttons_update_accompaniment_menu_subtotal" classname="com.example.lunchtray.OrderFunctionalityTests" time="1.942" />
  <testcase name="order_reset_after_cancel_from_side_menu" classname="com.example.lunchtray.OrderFunctionalityTests" time="2.913" />
  <testcase name="radio_buttons_update_entree_menu_subtotal" classname="com.example.lunchtray.OrderFunctionalityTests" time="2.822" />
  <testcase name="order_reset_after_cancel_from_checkout" classname="com.example.lunchtray.OrderFunctionalityTests" time="4.8" />
</testsuite>